This is pdfTeX, Version 3.14159265-2.6-1.40.18 (MiKTeX 2.9.6400) (preloaded format=pdflatex 2017.9.7)  2 OCT 2017 10:08
entering extended mode
**./Tesi.tex
(Tesi.tex
LaTeX2e <2017-04-15>
Babel <3.12> and hyphenation patterns for 76 language(s) loaded.
("C:\Program Files (x86)\MiKTeX 2.9\tex\latex\base\article.cls"
Document Class: article 2014/09/29 v1.4h Standard LaTeX document class
("C:\Program Files (x86)\MiKTeX 2.9\tex\latex\base\size11.clo"
File: size11.clo 2014/09/29 v1.4h Standard LaTeX file (size option)
)
\c@part=\count79
\c@section=\count80
\c@subsection=\count81
\c@subsubsection=\count82
\c@paragraph=\count83
\c@subparagraph=\count84
\c@figure=\count85
\c@table=\count86
\abovecaptionskip=\skip41
\belowcaptionskip=\skip42
\bibindent=\dimen102
)
("C:\Program Files (x86)\MiKTeX 2.9\tex\latex\preprint\fullpage.sty"
Package: fullpage 1999/02/23 1.1 (PWD)
\FP@margin=\skip43
)
("C:\Program Files (x86)\MiKTeX 2.9\tex\latex\base\inputenc.sty"
Package: inputenc 2015/03/17 v1.2c Input encoding file
\inpenc@prehook=\toks14
\inpenc@posthook=\toks15

("C:\Program Files (x86)\MiKTeX 2.9\tex\latex\base\utf8.def"
File: utf8.def 2017/01/28 v1.1t UTF-8 support for inputenc
Now handling font encoding OML ...
... no UTF-8 mapping file for font encoding OML
Now handling font encoding T1 ...
... processing UTF-8 mapping file for font encoding T1

("C:\Program Files (x86)\MiKTeX 2.9\tex\latex\base\t1enc.dfu"
File: t1enc.dfu 2017/01/28 v1.1t UTF-8 support for inputenc
   defining Unicode char U+00A0 (decimal 160)
   defining Unicode char U+00A1 (decimal 161)
   defining Unicode char U+00A3 (decimal 163)
   defining Unicode char U+00AB (decimal 171)
   defining Unicode char U+00AD (decimal 173)
   defining Unicode char U+00BB (decimal 187)
   defining Unicode char U+00BF (decimal 191)
   defining Unicode char U+00C0 (decimal 192)
   defining Unicode char U+00C1 (decimal 193)
   defining Unicode char U+00C2 (decimal 194)
   defining Unicode char U+00C3 (decimal 195)
   defining Unicode char U+00C4 (decimal 196)
   defining Unicode char U+00C5 (decimal 197)
   defining Unicode char U+00C6 (decimal 198)
   defining Unicode char U+00C7 (decimal 199)
   defining Unicode char U+00C8 (decimal 200)
   defining Unicode char U+00C9 (decimal 201)
   defining Unicode char U+00CA (decimal 202)
   defining Unicode char U+00CB (decimal 203)
   defining Unicode char U+00CC (decimal 204)
   defining Unicode char U+00CD (decimal 205)
   defining Unicode char U+00CE (decimal 206)
   defining Unicode char U+00CF (decimal 207)
   defining Unicode char U+00D0 (decimal 208)
   defining Unicode char U+00D1 (decimal 209)
   defining Unicode char U+00D2 (decimal 210)
   defining Unicode char U+00D3 (decimal 211)
   defining Unicode char U+00D4 (decimal 212)
   defining Unicode char U+00D5 (decimal 213)
   defining Unicode char U+00D6 (decimal 214)
   defining Unicode char U+00D8 (decimal 216)
   defining Unicode char U+00D9 (decimal 217)
   defining Unicode char U+00DA (decimal 218)
   defining Unicode char U+00DB (decimal 219)
   defining Unicode char U+00DC (decimal 220)
   defining Unicode char U+00DD (decimal 221)
   defining Unicode char U+00DE (decimal 222)
   defining Unicode char U+00DF (decimal 223)
   defining Unicode char U+00E0 (decimal 224)
   defining Unicode char U+00E1 (decimal 225)
   defining Unicode char U+00E2 (decimal 226)
   defining Unicode char U+00E3 (decimal 227)
   defining Unicode char U+00E4 (decimal 228)
   defining Unicode char U+00E5 (decimal 229)
   defining Unicode char U+00E6 (decimal 230)
   defining Unicode char U+00E7 (decimal 231)
   defining Unicode char U+00E8 (decimal 232)
   defining Unicode char U+00E9 (decimal 233)
   defining Unicode char U+00EA (decimal 234)
   defining Unicode char U+00EB (decimal 235)
   defining Unicode char U+00EC (decimal 236)
   defining Unicode char U+00ED (decimal 237)
   defining Unicode char U+00EE (decimal 238)
   defining Unicode char U+00EF (decimal 239)
   defining Unicode char U+00F0 (decimal 240)
   defining Unicode char U+00F1 (decimal 241)
   defining Unicode char U+00F2 (decimal 242)
   defining Unicode char U+00F3 (decimal 243)
   defining Unicode char U+00F4 (decimal 244)
   defining Unicode char U+00F5 (decimal 245)
   defining Unicode char U+00F6 (decimal 246)
   defining Unicode char U+00F8 (decimal 248)
   defining Unicode char U+00F9 (decimal 249)
   defining Unicode char U+00FA (decimal 250)
   defining Unicode char U+00FB (decimal 251)
   defining Unicode char U+00FC (decimal 252)
   defining Unicode char U+00FD (decimal 253)
   defining Unicode char U+00FE (decimal 254)
   defining Unicode char U+00FF (decimal 255)
   defining Unicode char U+0100 (decimal 256)
   defining Unicode char U+0101 (decimal 257)
   defining Unicode char U+0102 (decimal 258)
   defining Unicode char U+0103 (decimal 259)
   defining Unicode char U+0104 (decimal 260)
   defining Unicode char U+0105 (decimal 261)
   defining Unicode char U+0106 (decimal 262)
   defining Unicode char U+0107 (decimal 263)
   defining Unicode char U+0108 (decimal 264)
   defining Unicode char U+0109 (decimal 265)
   defining Unicode char U+010A (decimal 266)
   defining Unicode char U+010B (decimal 267)
   defining Unicode char U+010C (decimal 268)
   defining Unicode char U+010D (decimal 269)
   defining Unicode char U+010E (decimal 270)
   defining Unicode char U+010F (decimal 271)
   defining Unicode char U+0110 (decimal 272)
   defining Unicode char U+0111 (decimal 273)
   defining Unicode char U+0112 (decimal 274)
   defining Unicode char U+0113 (decimal 275)
   defining Unicode char U+0114 (decimal 276)
   defining Unicode char U+0115 (decimal 277)
   defining Unicode char U+0116 (decimal 278)
   defining Unicode char U+0117 (decimal 279)
   defining Unicode char U+0118 (decimal 280)
   defining Unicode char U+0119 (decimal 281)
   defining Unicode char U+011A (decimal 282)
   defining Unicode char U+011B (decimal 283)
   defining Unicode char U+011C (decimal 284)
   defining Unicode char U+011D (decimal 285)
   defining Unicode char U+011E (decimal 286)
   defining Unicode char U+011F (decimal 287)
   defining Unicode char U+0120 (decimal 288)
   defining Unicode char U+0121 (decimal 289)
   defining Unicode char U+0122 (decimal 290)
   defining Unicode char U+0123 (decimal 291)
   defining Unicode char U+0124 (decimal 292)
   defining Unicode char U+0125 (decimal 293)
   defining Unicode char U+0128 (decimal 296)
   defining Unicode char U+0129 (decimal 297)
   defining Unicode char U+012A (decimal 298)
   defining Unicode char U+012B (decimal 299)
   defining Unicode char U+012C (decimal 300)
   defining Unicode char U+012D (decimal 301)
   defining Unicode char U+012E (decimal 302)
   defining Unicode char U+012F (decimal 303)
   defining Unicode char U+0130 (decimal 304)
   defining Unicode char U+0131 (decimal 305)
   defining Unicode char U+0132 (decimal 306)
   defining Unicode char U+0133 (decimal 307)
   defining Unicode char U+0134 (decimal 308)
   defining Unicode char U+0135 (decimal 309)
   defining Unicode char U+0136 (decimal 310)
   defining Unicode char U+0137 (decimal 311)
   defining Unicode char U+0139 (decimal 313)
   defining Unicode char U+013A (decimal 314)
   defining Unicode char U+013B (decimal 315)
   defining Unicode char U+013C (decimal 316)
   defining Unicode char U+013D (decimal 317)
   defining Unicode char U+013E (decimal 318)
   defining Unicode char U+0141 (decimal 321)
   defining Unicode char U+0142 (decimal 322)
   defining Unicode char U+0143 (decimal 323)
   defining Unicode char U+0144 (decimal 324)
   defining Unicode char U+0145 (decimal 325)
   defining Unicode char U+0146 (decimal 326)
   defining Unicode char U+0147 (decimal 327)
   defining Unicode char U+0148 (decimal 328)
   defining Unicode char U+014A (decimal 330)
   defining Unicode char U+014B (decimal 331)
   defining Unicode char U+014C (decimal 332)
   defining Unicode char U+014D (decimal 333)
   defining Unicode char U+014E (decimal 334)
   defining Unicode char U+014F (decimal 335)
   defining Unicode char U+0150 (decimal 336)
   defining Unicode char U+0151 (decimal 337)
   defining Unicode char U+0152 (decimal 338)
   defining Unicode char U+0153 (decimal 339)
   defining Unicode char U+0154 (decimal 340)
   defining Unicode char U+0155 (decimal 341)
   defining Unicode char U+0156 (decimal 342)
   defining Unicode char U+0157 (decimal 343)
   defining Unicode char U+0158 (decimal 344)
   defining Unicode char U+0159 (decimal 345)
   defining Unicode char U+015A (decimal 346)
   defining Unicode char U+015B (decimal 347)
   defining Unicode char U+015C (decimal 348)
   defining Unicode char U+015D (decimal 349)
   defining Unicode char U+015E (decimal 350)
   defining Unicode char U+015F (decimal 351)
   defining Unicode char U+0160 (decimal 352)
   defining Unicode char U+0161 (decimal 353)
   defining Unicode char U+0162 (decimal 354)
   defining Unicode char U+0163 (decimal 355)
   defining Unicode char U+0164 (decimal 356)
   defining Unicode char U+0165 (decimal 357)
   defining Unicode char U+0168 (decimal 360)
   defining Unicode char U+0169 (decimal 361)
   defining Unicode char U+016A (decimal 362)
   defining Unicode char U+016B (decimal 363)
   defining Unicode char U+016C (decimal 364)
   defining Unicode char U+016D (decimal 365)
   defining Unicode char U+016E (decimal 366)
   defining Unicode char U+016F (decimal 367)
   defining Unicode char U+0170 (decimal 368)
   defining Unicode char U+0171 (decimal 369)
   defining Unicode char U+0172 (decimal 370)
   defining Unicode char U+0173 (decimal 371)
   defining Unicode char U+0174 (decimal 372)
   defining Unicode char U+0175 (decimal 373)
   defining Unicode char U+0176 (decimal 374)
   defining Unicode char U+0177 (decimal 375)
   defining Unicode char U+0178 (decimal 376)
   defining Unicode char U+0179 (decimal 377)
   defining Unicode char U+017A (decimal 378)
   defining Unicode char U+017B (decimal 379)
   defining Unicode char U+017C (decimal 380)
   defining Unicode char U+017D (decimal 381)
   defining Unicode char U+017E (decimal 382)
   defining Unicode char U+01CD (decimal 461)
   defining Unicode char U+01CE (decimal 462)
   defining Unicode char U+01CF (decimal 463)
   defining Unicode char U+01D0 (decimal 464)
   defining Unicode char U+01D1 (decimal 465)
   defining Unicode char U+01D2 (decimal 466)
   defining Unicode char U+01D3 (decimal 467)
   defining Unicode char U+01D4 (decimal 468)
   defining Unicode char U+01E2 (decimal 482)
   defining Unicode char U+01E3 (decimal 483)
   defining Unicode char U+01E6 (decimal 486)
   defining Unicode char U+01E7 (decimal 487)
   defining Unicode char U+01E8 (decimal 488)
   defining Unicode char U+01E9 (decimal 489)
   defining Unicode char U+01EA (decimal 490)
   defining Unicode char U+01EB (decimal 491)
   defining Unicode char U+01F0 (decimal 496)
   defining Unicode char U+01F4 (decimal 500)
   defining Unicode char U+01F5 (decimal 501)
   defining Unicode char U+0218 (decimal 536)
   defining Unicode char U+0219 (decimal 537)
   defining Unicode char U+021A (decimal 538)
   defining Unicode char U+021B (decimal 539)
   defining Unicode char U+0232 (decimal 562)
   defining Unicode char U+0233 (decimal 563)
   defining Unicode char U+1E02 (decimal 7682)
   defining Unicode char U+1E03 (decimal 7683)
   defining Unicode char U+200C (decimal 8204)
   defining Unicode char U+2010 (decimal 8208)
   defining Unicode char U+2011 (decimal 8209)
   defining Unicode char U+2012 (decimal 8210)
   defining Unicode char U+2013 (decimal 8211)
   defining Unicode char U+2014 (decimal 8212)
   defining Unicode char U+2015 (decimal 8213)
   defining Unicode char U+2018 (decimal 8216)
   defining Unicode char U+2019 (decimal 8217)
   defining Unicode char U+201A (decimal 8218)
   defining Unicode char U+201C (decimal 8220)
   defining Unicode char U+201D (decimal 8221)
   defining Unicode char U+201E (decimal 8222)
   defining Unicode char U+2030 (decimal 8240)
   defining Unicode char U+2031 (decimal 8241)
   defining Unicode char U+2039 (decimal 8249)
   defining Unicode char U+203A (decimal 8250)
   defining Unicode char U+2423 (decimal 9251)
   defining Unicode char U+1E20 (decimal 7712)
   defining Unicode char U+1E21 (decimal 7713)
)
Now handling font encoding OT1 ...
... processing UTF-8 mapping file for font encoding OT1

("C:\Program Files (x86)\MiKTeX 2.9\tex\latex\base\ot1enc.dfu"
File: ot1enc.dfu 2017/01/28 v1.1t UTF-8 support for inputenc
   defining Unicode char U+00A0 (decimal 160)
   defining Unicode char U+00A1 (decimal 161)
   defining Unicode char U+00A3 (decimal 163)
   defining Unicode char U+00AD (decimal 173)
   defining Unicode char U+00B8 (decimal 184)
   defining Unicode char U+00BF (decimal 191)
   defining Unicode char U+00C5 (decimal 197)
   defining Unicode char U+00C6 (decimal 198)
   defining Unicode char U+00D8 (decimal 216)
   defining Unicode char U+00DF (decimal 223)
   defining Unicode char U+00E6 (decimal 230)
   defining Unicode char U+00EC (decimal 236)
   defining Unicode char U+00ED (decimal 237)
   defining Unicode char U+00EE (decimal 238)
   defining Unicode char U+00EF (decimal 239)
   defining Unicode char U+00F8 (decimal 248)
   defining Unicode char U+0131 (decimal 305)
   defining Unicode char U+0141 (decimal 321)
   defining Unicode char U+0142 (decimal 322)
   defining Unicode char U+0152 (decimal 338)
   defining Unicode char U+0153 (decimal 339)
   defining Unicode char U+0174 (decimal 372)
   defining Unicode char U+0175 (decimal 373)
   defining Unicode char U+0176 (decimal 374)
   defining Unicode char U+0177 (decimal 375)
   defining Unicode char U+0218 (decimal 536)
   defining Unicode char U+0219 (decimal 537)
   defining Unicode char U+021A (decimal 538)
   defining Unicode char U+021B (decimal 539)
   defining Unicode char U+2013 (decimal 8211)
   defining Unicode char U+2014 (decimal 8212)
   defining Unicode char U+2018 (decimal 8216)
   defining Unicode char U+2019 (decimal 8217)
   defining Unicode char U+201C (decimal 8220)
   defining Unicode char U+201D (decimal 8221)
)
Now handling font encoding OMS ...
... processing UTF-8 mapping file for font encoding OMS

("C:\Program Files (x86)\MiKTeX 2.9\tex\latex\base\omsenc.dfu"
File: omsenc.dfu 2017/01/28 v1.1t UTF-8 support for inputenc
   defining Unicode char U+00A7 (decimal 167)
   defining Unicode char U+00B6 (decimal 182)
   defining Unicode char U+00B7 (decimal 183)
   defining Unicode char U+2020 (decimal 8224)
   defining Unicode char U+2021 (decimal 8225)
   defining Unicode char U+2022 (decimal 8226)
)
Now handling font encoding OMX ...
... no UTF-8 mapping file for font encoding OMX
Now handling font encoding U ...
... no UTF-8 mapping file for font encoding U
   defining Unicode char U+00A9 (decimal 169)
   defining Unicode char U+00AA (decimal 170)
   defining Unicode char U+00AE (decimal 174)
   defining Unicode char U+00BA (decimal 186)
   defining Unicode char U+02C6 (decimal 710)
   defining Unicode char U+02DC (decimal 732)
   defining Unicode char U+200C (decimal 8204)
   defining Unicode char U+2026 (decimal 8230)
   defining Unicode char U+2122 (decimal 8482)
   defining Unicode char U+2423 (decimal 9251)
))
("C:\Program Files (x86)\MiKTeX 2.9\tex\latex\base\fontenc.sty"
Package: fontenc 2017/04/05 v2.0i Standard LaTeX package

("C:\Program Files (x86)\MiKTeX 2.9\tex\latex\base\t1enc.def"
File: t1enc.def 2017/04/05 v2.0i Standard LaTeX file
LaTeX Font Info:    Redeclaring font encoding T1 on input line 48.
))
("C:\Program Files (x86)\MiKTeX 2.9\tex\generic\babel\babel.sty"
Package: babel 2017/06/29 3.12 The Babel package

("C:\Program Files (x86)\MiKTeX 2.9\tex\generic\babel\switch.def"
File: switch.def 2017/06/29 3.12 Babel switching mechanism
)
*************************************
* Local config file bblopts.cfg used
*
("C:\Program Files (x86)\MiKTeX 2.9\tex\latex\arabi\bblopts.cfg"
File: bblopts.cfg 2005/09/08 v0.1 add Arabic and Farsi to "declared" options of
 babel
)
("C:\Program Files (x86)\MiKTeX 2.9\tex\latex\babel-italian\italian.ldf"
Language: italian 2015/03/26 v1.3n Italian support from the babel system

("C:\Program Files (x86)\MiKTeX 2.9\tex\generic\babel\babel.def"
File: babel.def 2017/06/29 3.12 Babel common definitions

("C:\Program Files (x86)\MiKTeX 2.9\tex\generic\babel\switch.def"
File: switch.def 2017/06/29 3.12 Babel switching mechanism
)
\babel@savecnt=\count87
\U@D=\dimen103
)
\it@lettering=\count88
\it@doublequoteactive=\count89
\it@ISOcompliance=\count90
))
("C:\Program Files (x86)\MiKTeX 2.9\tex\latex\etoolbox\etoolbox.sty"
Package: etoolbox 2017/01/02 v2.4 e-TeX tools for LaTeX (JAW)
\etb@tempcnta=\count91
)
("C:\Program Files (x86)\MiKTeX 2.9\tex\latex\mathtools\empheq.sty"
Package: empheq 2017/03/31 v2.15 Emphasizing equations

("C:\Program Files (x86)\MiKTeX 2.9\tex\latex\mathtools\mhsetup.sty"
Package: mhsetup 2017/03/31 v1.3 programming setup (MH)
)
("C:\Program Files (x86)\MiKTeX 2.9\tex\latex\mathtools\mathtools.sty"
Package: mathtools 2017/05/24 v1.19 mathematical typesetting tools

("C:\Program Files (x86)\MiKTeX 2.9\tex\latex\graphics\keyval.sty"
Package: keyval 2014/10/28 v1.15 key=value parser (DPC)
\KV@toks@=\toks16
)
("C:\Program Files (x86)\MiKTeX 2.9\tex\latex\tools\calc.sty"
Package: calc 2014/10/28 v4.3 Infix arithmetic (KKT,FJ)
\calc@Acount=\count92
\calc@Bcount=\count93
\calc@Adimen=\dimen104
\calc@Bdimen=\dimen105
\calc@Askip=\skip44
\calc@Bskip=\skip45
LaTeX Info: Redefining \setlength on input line 80.
LaTeX Info: Redefining \addtolength on input line 81.
\calc@Ccount=\count94
\calc@Cskip=\skip46
)
("C:\Program Files (x86)\MiKTeX 2.9\tex\latex\amsmath\amsmath.sty"
Package: amsmath 2016/11/05 v2.16a AMS math features
\@mathmargin=\skip47

For additional information on amsmath, use the `?' option.
("C:\Program Files (x86)\MiKTeX 2.9\tex\latex\amsmath\amstext.sty"
Package: amstext 2000/06/29 v2.01 AMS text

("C:\Program Files (x86)\MiKTeX 2.9\tex\latex\amsmath\amsgen.sty"
File: amsgen.sty 1999/11/30 v2.0 generic functions
\@emptytoks=\toks17
\ex@=\dimen106
))
("C:\Program Files (x86)\MiKTeX 2.9\tex\latex\amsmath\amsbsy.sty"
Package: amsbsy 1999/11/29 v1.2d Bold Symbols
\pmbraise@=\dimen107
)
("C:\Program Files (x86)\MiKTeX 2.9\tex\latex\amsmath\amsopn.sty"
Package: amsopn 2016/03/08 v2.02 operator names
)
\inf@bad=\count95
LaTeX Info: Redefining \frac on input line 213.
\uproot@=\count96
\leftroot@=\count97
LaTeX Info: Redefining \overline on input line 375.
\classnum@=\count98
\DOTSCASE@=\count99
LaTeX Info: Redefining \ldots on input line 472.
LaTeX Info: Redefining \dots on input line 475.
LaTeX Info: Redefining \cdots on input line 596.
\Mathstrutbox@=\box26
\strutbox@=\box27
\big@size=\dimen108
LaTeX Font Info:    Redeclaring font encoding OML on input line 712.
LaTeX Font Info:    Redeclaring font encoding OMS on input line 713.
\macc@depth=\count100
\c@MaxMatrixCols=\count101
\dotsspace@=\muskip10
\c@parentequation=\count102
\dspbrk@lvl=\count103
\tag@help=\toks18
\row@=\count104
\column@=\count105
\maxfields@=\count106
\andhelp@=\toks19
\eqnshift@=\dimen109
\alignsep@=\dimen110
\tagshift@=\dimen111
\tagwidth@=\dimen112
\totwidth@=\dimen113
\lineht@=\dimen114
\@envbody=\toks20
\multlinegap=\skip48
\multlinetaggap=\skip49
\mathdisplay@stack=\toks21
LaTeX Info: Redefining \[ on input line 2817.
LaTeX Info: Redefining \] on input line 2818.
)
LaTeX Info: Thecontrolsequence`\('isalreadyrobust on input line 129.
LaTeX Info: Thecontrolsequence`\)'isalreadyrobust on input line 129.
LaTeX Info: Thecontrolsequence`\['isalreadyrobust on input line 129.
LaTeX Info: Thecontrolsequence`\]'isalreadyrobust on input line 129.
\g_MT_multlinerow_int=\count107
\l_MT_multwidth_dim=\dimen115
\origjot=\skip50
\l_MT_shortvdotswithinadjustabove_dim=\dimen116
\l_MT_shortvdotswithinadjustbelow_dim=\dimen117
\l_MT_above_intertext_sep=\dimen118
\l_MT_below_intertext_sep=\dimen119
\l_MT_above_shortintertext_sep=\dimen120
\l_MT_below_shortintertext_sep=\dimen121
)
\l_EQ_equationtype_int=\count108
\l_EQ_alignmentmode_int=\count109
\l_EQ_totalwidth_dim=\dimen122
\l_EQ_displaywidth_dim=\dimen123
\l_EQ_temp_linewidth_dim=\dimen124
\EmphEqdelimitershortfall=\dimen125
\EmphEqdelimiterfactor=\count110
\g_EQ_toptag_height_dim=\dimen126
\g_EQ_bottomtag_depth_dim=\dimen127
\g_EQ_toprow_height_dim=\dimen128
\g_EQ_bottomrow_depth_dim=\dimen129
\g_EQ_widesttag_dim=\dimen130
\EQ_mathdisplay_box=\box28
\EQ_tag_box=\box29
\g_EQ_temprow_int=\count111
)
("C:\Program Files (x86)\MiKTeX 2.9\tex\latex\graphics\color.sty"
Package: color 2016/07/10 v1.1e Standard LaTeX Color (DPC)

("C:\Program Files (x86)\MiKTeX 2.9\tex\latex\graphics-cfg\color.cfg"
File: color.cfg 2016/01/02 v1.6 sample color configuration
)
Package color Info: Driver file: pdftex.def on input line 147.

("C:\Program Files (x86)\MiKTeX 2.9\tex\latex\graphics-def\pdftex.def"
File: pdftex.def 2017/06/24 v1.0g Graphics/color driver for pdftex
))
("C:\Program Files (x86)\MiKTeX 2.9\tex\latex\listings\listings.sty"
\lst@mode=\count112
\lst@gtempboxa=\box30
\lst@token=\toks22
\lst@length=\count113
\lst@currlwidth=\dimen131
\lst@column=\count114
\lst@pos=\count115
\lst@lostspace=\dimen132
\lst@width=\dimen133
\lst@newlines=\count116
\lst@lineno=\count117
\lst@maxwidth=\dimen134

("C:\Program Files (x86)\MiKTeX 2.9\tex\latex\listings\lstmisc.sty"
File: lstmisc.sty 2015/06/04 1.6 (Carsten Heinz)
\c@lstnumber=\count118
\lst@skipnumbers=\count119
\lst@framebox=\box31
)
("C:\Program Files (x86)\MiKTeX 2.9\tex\latex\listings\listings.cfg"
File: listings.cfg 2015/06/04 1.6 listings configuration
))
Package: listings 2015/06/04 1.6 (Carsten Heinz)

("C:\Program Files (x86)\MiKTeX 2.9\tex\latex\hyperref\hyperref.sty"
Package: hyperref 2017/03/14 v6.85a Hypertext links for LaTeX

("C:\Program Files (x86)\MiKTeX 2.9\tex\generic\oberdiek\hobsub-hyperref.sty"
Package: hobsub-hyperref 2016/05/16 v1.14 Bundle oberdiek, subset hyperref (HO)


("C:\Program Files (x86)\MiKTeX 2.9\tex\generic\oberdiek\hobsub-generic.sty"
Package: hobsub-generic 2016/05/16 v1.14 Bundle oberdiek, subset generic (HO)
Package: hobsub 2016/05/16 v1.14 Construct package bundles (HO)
Package: infwarerr 2016/05/16 v1.4 Providing info/warning/error messages (HO)
Package: ltxcmds 2016/05/16 v1.23 LaTeX kernel commands for general use (HO)
Package: ifluatex 2016/05/16 v1.4 Provides the ifluatex switch (HO)
Package ifluatex Info: LuaTeX not detected.
Package: ifvtex 2016/05/16 v1.6 Detect VTeX and its facilities (HO)
Package ifvtex Info: VTeX not detected.
Package: intcalc 2016/05/16 v1.2 Expandable calculations with integers (HO)
Package: ifpdf 2017/03/15 v3.2 Provides the ifpdf switch
Package: etexcmds 2016/05/16 v1.6 Avoid name clashes with e-TeX commands (HO)
Package etexcmds Info: Could not find \expanded.
(etexcmds)             That can mean that you are not using pdfTeX 1.50 or
(etexcmds)             that some package has redefined \expanded.
(etexcmds)             In the latter case, load this package earlier.
Package: kvsetkeys 2016/05/16 v1.17 Key value parser (HO)
Package: kvdefinekeys 2016/05/16 v1.4 Define keys (HO)
Package: pdftexcmds 2017/03/19 v0.25 Utility functions of pdfTeX for LuaTeX (HO
)
Package pdftexcmds Info: LuaTeX not detected.
Package pdftexcmds Info: \pdf@primitive is available.
Package pdftexcmds Info: \pdf@ifprimitive is available.
Package pdftexcmds Info: \pdfdraftmode found.
Package: pdfescape 2016/05/16 v1.14 Implements pdfTeX's escape features (HO)
Package: bigintcalc 2016/05/16 v1.4 Expandable calculations on big integers (HO
)
Package: bitset 2016/05/16 v1.2 Handle bit-vector datatype (HO)
Package: uniquecounter 2016/05/16 v1.3 Provide unlimited unique counter (HO)
)
Package hobsub Info: Skipping package `hobsub' (already loaded).
Package: letltxmacro 2016/05/16 v1.5 Let assignment for LaTeX macros (HO)
Package: hopatch 2016/05/16 v1.3 Wrapper for package hooks (HO)
Package: xcolor-patch 2016/05/16 xcolor patch
Package: atveryend 2016/05/16 v1.9 Hooks at the very end of document (HO)
Package: atbegshi 2016/06/09 v1.18 At begin shipout hook (HO)
Package: refcount 2016/05/16 v3.5 Data extraction from label references (HO)
Package: hycolor 2016/05/16 v1.8 Color options for hyperref/bookmark (HO)
)
("C:\Program Files (x86)\MiKTeX 2.9\tex\generic\ifxetex\ifxetex.sty"
Package: ifxetex 2010/09/12 v0.6 Provides ifxetex conditional
)
("C:\Program Files (x86)\MiKTeX 2.9\tex\latex\oberdiek\auxhook.sty"
Package: auxhook 2016/05/16 v1.4 Hooks for auxiliary files (HO)
)
("C:\Program Files (x86)\MiKTeX 2.9\tex\latex\oberdiek\kvoptions.sty"
Package: kvoptions 2016/05/16 v3.12 Key value format for package options (HO)
)
\@linkdim=\dimen135
\Hy@linkcounter=\count120
\Hy@pagecounter=\count121

("C:\Program Files (x86)\MiKTeX 2.9\tex\latex\hyperref\pd1enc.def"
File: pd1enc.def 2017/03/14 v6.85a Hyperref: PDFDocEncoding definition (HO)
Now handling font encoding PD1 ...
... no UTF-8 mapping file for font encoding PD1
)
\Hy@SavedSpaceFactor=\count122

("C:\Program Files (x86)\MiKTeX 2.9\tex\latex\00miktex\hyperref.cfg"
File: hyperref.cfg 2002/06/06 v1.2 hyperref configuration of TeXLive
)
Package hyperref Info: Hyper figures OFF on input line 4498.
Package hyperref Info: Link nesting OFF on input line 4503.
Package hyperref Info: Hyper index ON on input line 4506.
Package hyperref Info: Plain pages OFF on input line 4513.
Package hyperref Info: Backreferencing OFF on input line 4518.
Package hyperref Info: Implicit mode ON; LaTeX internals redefined.
Package hyperref Info: Bookmarks ON on input line 4751.
\c@Hy@tempcnt=\count123

("C:\Program Files (x86)\MiKTeX 2.9\tex\latex\url\url.sty"
\Urlmuskip=\muskip11
Package: url 2013/09/16  ver 3.4  Verb mode for urls, etc.
)
LaTeX Info: Redefining \url on input line 5104.
\XeTeXLinkMargin=\dimen136
\Fld@menulength=\count124
\Field@Width=\dimen137
\Fld@charsize=\dimen138
Package hyperref Info: Hyper figures OFF on input line 6358.
Package hyperref Info: Link nesting OFF on input line 6363.
Package hyperref Info: Hyper index ON on input line 6366.
Package hyperref Info: backreferencing OFF on input line 6373.
Package hyperref Info: Link coloring OFF on input line 6378.
Package hyperref Info: Link coloring with OCG OFF on input line 6383.
Package hyperref Info: PDF/A mode OFF on input line 6388.
LaTeX Info: Redefining \ref on input line 6428.
LaTeX Info: Redefining \pageref on input line 6432.
\Hy@abspage=\count125
\c@Item=\count126
\c@Hfootnote=\count127
)

Package hyperref Message: Driver (autodetected): hpdftex.

("C:\Program Files (x86)\MiKTeX 2.9\tex\latex\hyperref\hpdftex.def"
File: hpdftex.def 2017/03/14 v6.85a Hyperref driver for pdfTeX
\Fld@listcount=\count128
\c@bookmark@seq@number=\count129

("C:\Program Files (x86)\MiKTeX 2.9\tex\latex\oberdiek\rerunfilecheck.sty"
Package: rerunfilecheck 2016/05/16 v1.8 Rerun checks for auxiliary files (HO)
Package uniquecounter Info: New unique counter `rerunfilecheck' on input line 2
82.
)
\Hy@SectionHShift=\skip51
)
("C:\Program Files (x86)\MiKTeX 2.9\tex\latex\xcolor\xcolor.sty"
Package: xcolor 2016/05/11 v2.12 LaTeX color extensions (UK)

("C:\Program Files (x86)\MiKTeX 2.9\tex\latex\graphics-cfg\color.cfg"
File: color.cfg 2016/01/02 v1.6 sample color configuration
)
Package xcolor Info: Driver file: pdftex.def on input line 225.
LaTeX Info: Redefining \color on input line 709.
Package xcolor Info: Model `cmy' substituted by `cmy0' on input line 1348.
Package xcolor Info: Model `hsb' substituted by `rgb' on input line 1352.
Package xcolor Info: Model `RGB' extended on input line 1364.
Package xcolor Info: Model `HTML' substituted by `rgb' on input line 1366.
Package xcolor Info: Model `Hsb' substituted by `hsb' on input line 1367.
Package xcolor Info: Model `tHsb' substituted by `hsb' on input line 1368.
Package xcolor Info: Model `HSB' substituted by `hsb' on input line 1369.
Package xcolor Info: Model `Gray' substituted by `gray' on input line 1370.
Package xcolor Info: Model `wave' substituted by `hsb' on input line 1371.
)
Package hyperref Info: Option `colorlinks' set `true' on input line 21.

("C:\Program Files (x86)\MiKTeX 2.9\tex\latex\oberdiek\hypcap.sty"
Package: hypcap 2016/05/16 v1.12 Adjusting the anchors of captions (HO)
)
("C:\Program Files (x86)\MiKTeX 2.9\tex\latex\tools\longtable.sty"
Package: longtable 2014/10/28 v4.11 Multi-page Table package (DPC)
\LTleft=\skip52
\LTright=\skip53
\LTpre=\skip54
\LTpost=\skip55
\LTchunksize=\count130
\LTcapwidth=\dimen139
\LT@head=\box32
\LT@firsthead=\box33
\LT@foot=\box34
\LT@lastfoot=\box35
\LT@cols=\count131
\LT@rows=\count132
\c@LT@tables=\count133
\c@LT@chunks=\count134
\LT@p@ftn=\toks23
)
("C:\Program Files (x86)\MiKTeX 2.9\tex\latex\tools\array.sty"
Package: array 2016/10/06 v2.4d Tabular extension package (FMi)
\col@sep=\dimen140
\extrarowheight=\dimen141
\NC@list=\toks24
\extratabsurround=\skip56
\backup@length=\skip57
)
("C:\Program Files (x86)\MiKTeX 2.9\tex\latex\base\fontenc.sty"
Package: fontenc 2017/04/05 v2.0i Standard LaTeX package

("C:\Program Files (x86)\MiKTeX 2.9\tex\latex\base\t1enc.def"
File: t1enc.def 2017/04/05 v2.0i Standard LaTeX file
LaTeX Font Info:    Redeclaring font encoding T1 on input line 48.
))
("C:\Program Files (x86)\MiKTeX 2.9\tex\latex\tools\tabularx.sty"
Package: tabularx 2016/02/03 v2.11 `tabularx' package (DPC)
\TX@col@width=\dimen142
\TX@old@table=\dimen143
\TX@old@col=\dimen144
\TX@target=\dimen145
\TX@delta=\dimen146
\TX@cols=\count135
\TX@ftn=\toks25
)
("C:\Program Files (x86)\MiKTeX 2.9\tex\latex\caption\caption.sty"
Package: caption 2016/02/21 v3.3-144 Customizing captions (AR)

("C:\Program Files (x86)\MiKTeX 2.9\tex\latex\caption\caption3.sty"
Package: caption3 2016/05/22 v1.7-166 caption3 kernel (AR)
Package caption3 Info: TeX engine: e-TeX on input line 67.
\captionmargin=\dimen147
\captionmargin@=\dimen148
\captionwidth=\dimen149
\caption@tempdima=\dimen150
\caption@indent=\dimen151
\caption@parindent=\dimen152
\caption@hangindent=\dimen153
)
\c@ContinuedFloat=\count136
Package caption Info: hyperref package is loaded.
Package caption Info: hypcap package is loaded.
Package caption Info: listings package is loaded.
Package caption Info: longtable package is loaded.

("C:\Program Files (x86)\MiKTeX 2.9\tex\latex\caption\ltcaption.sty"
Package: ltcaption 2013/06/09 v1.4-94 longtable captions (AR)
))
("C:\Program Files (x86)\MiKTeX 2.9\tex\latex\amsfonts\amssymb.sty"
Package: amssymb 2013/01/14 v3.01 AMS font symbols

("C:\Program Files (x86)\MiKTeX 2.9\tex\latex\amsfonts\amsfonts.sty"
Package: amsfonts 2013/01/14 v3.01 Basic AMSFonts support
\symAMSa=\mathgroup4
\symAMSb=\mathgroup5
LaTeX Font Info:    Overwriting math alphabet `\mathfrak' in version `bold'
(Font)                  U/euf/m/n --> U/euf/b/n on input line 106.
))
("C:\Program Files (x86)\MiKTeX 2.9\tex\latex\enumitem\enumitem.sty"
Package: enumitem 2011/09/28 v3.5.2 Customized lists
\labelindent=\skip58
\enit@outerparindent=\dimen154
\enit@toks=\toks26
\enit@inbox=\box36
\enitdp@description=\count137
)
("C:\Program Files (x86)\MiKTeX 2.9\tex\latex\booktabs\booktabs.sty"
Package: booktabs 2005/04/14 v1.61803 publication quality tables
\heavyrulewidth=\dimen155
\lightrulewidth=\dimen156
\cmidrulewidth=\dimen157
\belowrulesep=\dimen158
\belowbottomsep=\dimen159
\aboverulesep=\dimen160
\abovetopsep=\dimen161
\cmidrulesep=\dimen162
\cmidrulekern=\dimen163
\defaultaddspace=\dimen164
\@cmidla=\count138
\@cmidlb=\count139
\@aboverulesep=\dimen165
\@belowrulesep=\dimen166
\@thisruleclass=\count140
\@lastruleclass=\count141
\@thisrulewidth=\dimen167
)
("C:\Program Files (x86)\MiKTeX 2.9\tex\latex\multirow\multirow.sty"
Package: multirow 2016/11/25 v2.2 Span multiple rows of a table
\multirow@colwidth=\skip59
\multirow@cntb=\count142
\multirow@dima=\skip60
\bigstrutjot=\dimen168
)
("C:\Program Files (x86)\MiKTeX 2.9\tex\latex\tipa\tipa.sty"
Package: tipa 2002/08/08 TIPA version 1.1

("C:\Program Files (x86)\MiKTeX 2.9\tex\latex\base\fontenc.sty"
Package: fontenc 2017/04/05 v2.0i Standard LaTeX package

("C:\Program Files (x86)\MiKTeX 2.9\tex\latex\tipa\t3enc.def"
File: t3enc.def 2001/12/31 T3 encoding
Now handling font encoding T3 ...
... no UTF-8 mapping file for font encoding T3
LaTeX Font Info:    Try loading font information for T1+cmss on input line 357.


("C:\Program Files (x86)\MiKTeX 2.9\tex\latex\base\t1cmss.fd"
File: t1cmss.fd 2014/09/29 v2.5h Standard LaTeX font definitions
))
("C:\Program Files (x86)\MiKTeX 2.9\tex\latex\base\t1enc.def"
File: t1enc.def 2017/04/05 v2.0i Standard LaTeX file
LaTeX Font Info:    Redeclaring font encoding T1 on input line 48.
)))
("C:\Program Files (x86)\MiKTeX 2.9\tex\latex\pbox\pbox.sty"
Package: pbox 2011/12/07 v1.2 Dynamic parboxes

("C:\Program Files (x86)\MiKTeX 2.9\tex\latex\base\ifthen.sty"
Package: ifthen 2014/09/29 v1.1c Standard LaTeX ifthen package (DPC)
)
\pb@xlen=\skip61
)
("C:\Program Files (x86)\MiKTeX 2.9\tex\latex\placeins\placeins.sty"
Package: placeins 2005/04/18  v 2.2
)
("C:\Program Files (x86)\MiKTeX 2.9\tex\latex\adjustbox\adjustbox.sty"
Package: adjustbox 2012/05/21 v1.0 Adjusting TeX boxes (trim, clip, ...)

("C:\Program Files (x86)\MiKTeX 2.9\tex\latex\xkeyval\xkeyval.sty"
Package: xkeyval 2014/12/03 v2.7a package option processing (HA)

("C:\Program Files (x86)\MiKTeX 2.9\tex\generic\xkeyval\xkeyval.tex"
("C:\Program Files (x86)\MiKTeX 2.9\tex\generic\xkeyval\xkvutils.tex"
\XKV@toks=\toks27
\XKV@tempa@toks=\toks28
)
\XKV@depth=\count143
File: xkeyval.tex 2014/12/03 v2.7a key=value parser (HA)
))
("C:\Program Files (x86)\MiKTeX 2.9\tex\latex\adjustbox\adjcalc.sty"
Package: adjcalc 2012/05/16 v1.1 Provides advanced setlength with multiple back
-ends (calc, etex, pgfmath)
)
("C:\Program Files (x86)\MiKTeX 2.9\tex\latex\adjustbox\trimclip.sty"
Package: trimclip 2012/05/16 v1.0 Trim and clip general TeX material

("C:\Program Files (x86)\MiKTeX 2.9\tex\latex\graphics\graphicx.sty"
Package: graphicx 2017/06/01 v1.1a Enhanced LaTeX Graphics (DPC,SPQR)

("C:\Program Files (x86)\MiKTeX 2.9\tex\latex\graphics\graphics.sty"
Package: graphics 2017/06/25 v1.2c Standard LaTeX Graphics (DPC,SPQR)

("C:\Program Files (x86)\MiKTeX 2.9\tex\latex\graphics\trig.sty"
Package: trig 2016/01/03 v1.10 sin cos tan (DPC)
)
("C:\Program Files (x86)\MiKTeX 2.9\tex\latex\graphics-cfg\graphics.cfg"
File: graphics.cfg 2016/06/04 v1.11 sample graphics configuration
)
Package graphics Info: Driver file: pdftex.def on input line 99.
)
\Gin@req@height=\dimen169
\Gin@req@width=\dimen170
)
("C:\Program Files (x86)\MiKTeX 2.9\tex\latex\collectbox\collectbox.sty"
Package: collectbox 2012/05/17 v0.4b Collect macro arguments as boxes
\collectedbox=\box37
)
\tc@llx=\dimen171
\tc@lly=\dimen172
\tc@urx=\dimen173
\tc@ury=\dimen174
Package trimclip Info: Using driver 'tc-pdftex.def'.

("C:\Program Files (x86)\MiKTeX 2.9\tex\latex\adjustbox\tc-pdftex.def"
File: tc-pdftex.def 2012/05/13 v1.0 Clipping driver for pdftex
))
\adjbox@Width=\dimen175
\adjbox@Height=\dimen176
\adjbox@Depth=\dimen177
\adjbox@Totalheight=\dimen178

("C:\Program Files (x86)\MiKTeX 2.9\tex\latex\ifoddpage\ifoddpage.sty"
Package: ifoddpage 2016/04/23 v1.1 Conditionals for odd/even page detection
\c@checkoddpage=\count144
)
("C:\Program Files (x86)\MiKTeX 2.9\tex\latex\ltxmisc\varwidth.sty"
Package: varwidth 2009/03/30 ver 0.92;  Variable-width minipages
\@vwid@box=\box38
\sift@deathcycles=\count145
\@vwid@loff=\dimen179
\@vwid@roff=\dimen180
))
("C:\Program Files (x86)\MiKTeX 2.9\tex\latex\listings\lstlang1.sty"
File: lstlang1.sty 2015/06/04 1.6 listings language file
) (Tesi.aux)
\openout1 = `Tesi.aux'.

LaTeX Font Info:    Checking defaults for OML/cmm/m/it on input line 98.
LaTeX Font Info:    ... okay on input line 98.
LaTeX Font Info:    Checking defaults for T1/cmr/m/n on input line 98.
LaTeX Font Info:    ... okay on input line 98.
LaTeX Font Info:    Checking defaults for OT1/cmr/m/n on input line 98.
LaTeX Font Info:    ... okay on input line 98.
LaTeX Font Info:    Checking defaults for OMS/cmsy/m/n on input line 98.
LaTeX Font Info:    ... okay on input line 98.
LaTeX Font Info:    Checking defaults for OMX/cmex/m/n on input line 98.
LaTeX Font Info:    ... okay on input line 98.
LaTeX Font Info:    Checking defaults for U/cmr/m/n on input line 98.
LaTeX Font Info:    ... okay on input line 98.
LaTeX Font Info:    Checking defaults for PD1/pdf/m/n on input line 98.
LaTeX Font Info:    ... okay on input line 98.
LaTeX Font Info:    Checking defaults for T3/cmr/m/n on input line 98.
LaTeX Font Info:    Try loading font information for T3+cmr on input line 98.
 ("C:\Program Files (x86)\MiKTeX 2.9\tex\latex\tipa\t3cmr.fd"
File: t3cmr.fd 2001/12/31 TIPA font definitions
)
LaTeX Font Info:    ... okay on input line 98.
LaTeX Info: Redefining \it@ocap on input line 98.
LaTeX Info: Redefining \it@ccap on input line 98.

("C:\Program Files (x86)\MiKTeX 2.9\tex\context\base\supp-pdf.mkii"
[Loading MPS to PDF converter (version 2006.09.02).]
\scratchcounter=\count146
\scratchdimen=\dimen181
\scratchbox=\box39
\nofMPsegments=\count147
\nofMParguments=\count148
\everyMPshowfont=\toks29
\MPscratchCnt=\count149
\MPscratchDim=\dimen182
\MPnumerator=\count150
\makeMPintoPDFobject=\count151
\everyMPtoPDFconversion=\toks30
) ("C:\Program Files (x86)\MiKTeX 2.9\tex\latex\oberdiek\epstopdf-base.sty"
Package: epstopdf-base 2016/05/15 v2.6 Base part for package epstopdf

("C:\Program Files (x86)\MiKTeX 2.9\tex\latex\oberdiek\grfext.sty"
Package: grfext 2016/05/16 v1.2 Manage graphics extensions (HO)
)
Package epstopdf-base Info: Redefining graphics rule for `.eps' on input line 4
38.
Package grfext Info: Graphics extension search list:
(grfext)             [.pdf,.png,.jpg,.mps,.jpeg,.jbig2,.jb2,.PDF,.PNG,.JPG,.JPE
G,.JBIG2,.JB2,.eps]
(grfext)             \AppendGraphicsExtensions on input line 456.
)
\c@lstlisting=\count152
\AtBeginShipoutBox=\box40
Package hyperref Info: Link coloring ON on input line 98.

("C:\Program Files (x86)\MiKTeX 2.9\tex\latex\hyperref\nameref.sty"
Package: nameref 2016/05/21 v2.44 Cross-referencing by name of section

("C:\Program Files (x86)\MiKTeX 2.9\tex\generic\oberdiek\gettitlestring.sty"
Package: gettitlestring 2016/05/16 v1.5 Cleanup title references (HO)
)
\c@section@level=\count153
)
LaTeX Info: Redefining \ref on input line 98.
LaTeX Info: Redefining \pageref on input line 98.
LaTeX Info: Redefining \nameref on input line 98.

(Tesi.out) (Tesi.out)
\@outlinefile=\write3
\openout3 = `Tesi.out'.

Package caption Info: Begin \AtBeginDocument code.
Package caption Info: End \AtBeginDocument code.
LaTeX Font Info:    Try loading font information for U+msa on input line 103.

("C:\Program Files (x86)\MiKTeX 2.9\tex\latex\amsfonts\umsa.fd"
File: umsa.fd 2013/01/14 v3.01 AMS symbols A
)
LaTeX Font Info:    Try loading font information for U+msb on input line 103.

("C:\Program Files (x86)\MiKTeX 2.9\tex\latex\amsfonts\umsb.fd"
File: umsb.fd 2013/01/14 v3.01 AMS symbols B
) [1

{C:/Users/Corrado/AppData/Local/MiKTeX/2.9/pdftex/config/pdftex.map}] [2]
<Immagini/"Progetto C Sharp".png, id=45, 708.39656pt x 491.58656pt>
File: Immagini/"Progetto C Sharp".png Graphic file (type png)
<use Immagini/"Progetto C Sharp".png>
Package pdftex.def Info: Immagini/"Progetto C Sharp".png  used on input line 16
4. on input line 164.
Package pdftex.def Info: Requested size: 708.39482pt x 491.58536pt on input lin
e 164.
LaTeX Font Info:    Try loading font information for OMS+cmr on input line 172.


("C:\Program Files (x86)\MiKTeX 2.9\tex\latex\base\omscmr.fd"
File: omscmr.fd 2014/09/29 v2.5h Standard LaTeX font definitions
)
LaTeX Font Info:    Font shape `OMS/cmr/m/n' in size <10.95> not available
(Font)              Font shape `OMS/cmsy/m/n' tried instead on input line 172.

Overfull \hbox (17.7392pt too wide) in paragraph at lines 173--174
\T1/cmr/m/n/10.95 la sot-to di-rec-to-ry "\bin\x64_win64" e se-le-zio-na-re i f
i-le \T1/cmr/bx/n/10.95 ILOG.CPLEX.dll \T1/cmr/m/n/10.95 e \T1/cmr/bx/n/10.95 I
LOG.Concert.dll\T1/cmr/m/n/10.95 ; 
 []

[3] [4 <./Immagini/Progetto C Sharp.png>]
LaTeX Font Info:    Try loading font information for T1+cmtt on input line 195.


("C:\Program Files (x86)\MiKTeX 2.9\tex\latex\base\t1cmtt.fd"
File: t1cmtt.fd 2014/09/29 v2.5h Standard LaTeX font definitions
) [5]
Overfull \hbox (8.8928pt too wide) in paragraph at lines 214--215
[]\T1/cmr/m/n/10.95 Copiare la \T1/cmr/m/it/10.95 DLL \T1/cmr/m/n/10.95 ot-te-n
u-ta nel-la di-rec-to-ry del \T1/cmr/bx/n/10.95 pro-get-to C#\T1/cmr/m/n/10.95 
, in par-ti-co-la-re su \T1/cmr/bx/n/10.95 /bi-n/x64/Release
 []

[6]
<Immagini/"subtour".jpg, id=100, 601.64775pt x 374.5995pt>
File: Immagini/"subtour".jpg Graphic file (type jpg)
<use Immagini/"subtour".jpg>
Package pdftex.def Info: Immagini/"subtour".jpg  used on input line 274. on inp
ut line 274.
Package pdftex.def Info: Requested size: 469.75502pt x 292.48938pt on input lin
e 274.
 [7] [8 <./Immagini/subtour.jpg>] [9] [10] [11] [12] [13] [14] [15] [16]
[17] [18] [19]
Underfull \hbox (badness 10000) in paragraph at lines 806--807

 []

[20] [21] [22] [23] [24] [25] [26] [27] [28] [29] [30] [31] [32] [33] [34]
Overfull \hbox (8.14633pt too wide) in paragraph at lines 1494--1495
[]\T1/cmr/bx/n/10.95 CPLEX\T1/cmr/m/n/10.95 , du-ran-te la ri-so-lu-zio-ne del 
mo-del-lo ma-te-ma-ti-co at-tra-ver-so la tec-ni-ca del \T1/cmr/bx/n/10.95 Bran
ch&Cut\T1/cmr/m/n/10.95 ,
 []

[35]
Underfull \hbox (badness 10000) in paragraph at lines 1509--1510

 []

[36] [37] [38] [39] [40]
<Immagini/"Callback".jpg, id=1099, 376.40625pt x 140.32425pt>
File: Immagini/"Callback".jpg Graphic file (type jpg)
<use Immagini/"Callback".jpg>
Package pdftex.def Info: Immagini/"Callback".jpg  used on input line 1737. on i
nput line 1737.
Package pdftex.def Info: Requested size: 469.75502pt x 175.13722pt on input lin
e 1737.

Underfull \hbox (badness 10000) in paragraph at lines 1741--1742

 []

[41 <./Immagini/Callback.jpg>] [42] [43] [44]
<Immagini/"SoluzioneFrazionaria".jpg, id=1153, 417.9615pt x 373.395pt>
File: Immagini/"SoluzioneFrazionaria".jpg Graphic file (type jpg)
<use Immagini/"SoluzioneFrazionaria".jpg>
Package pdftex.def Info: Immagini/"SoluzioneFrazionaria".jpg  used on input lin
e 1854. on input line 1854.
Package pdftex.def Info: Requested size: 469.75502pt x 419.6866pt on input line
 1854.
 [45] [46 <./Immagini/SoluzioneFrazionaria.jpg>]
Underfull \hbox (badness 10000) in paragraph at lines 1873--1874

 []

[47] [48]
Overfull \hbox (75.07999pt too wide) in paragraph at lines 1963--1964
[]\T1/cmr/m/n/10.95 Successivamente è ne-ces-sa-rio as-se-gna-re al pa-ra-me-tr
o \T1/cmr/bx/n/10.95 *use-rac-tion_p \T1/cmr/m/n/10.95 il va-lo-re \T1/cmr/bx/n
/10.95 CPX_CALLBACK_DEFAULT\T1/cmr/m/n/10.95 . 
 []


LaTeX Warning: Command \textendash invalid in math mode on input line 1982.

[49]
Underfull \hbox (badness 1024) in paragraph at lines 1999--1999
\T1/cmr/m/n/9 ple-men-ta-zio-ne del-le \T1/cmr/m/it/9 la-zy call-back \T1/cmr/m
/n/9 per tan-to il set-tag-gio del nu-me-ro di th-read è ne-ces-sa-rio so-la-me
n-te una
 []

[50] [51] [52] [53] [54] [55]
Overfull \hbox (273.47069pt too wide) in paragraph at lines 2252--2253
[][][][][]  
 []


Overfull \hbox (273.47069pt too wide) in paragraph at lines 2254--2255
[][][][][]  
 []

[56]
<Immagini/"ProceduraGreedy".jpg, id=1389, 358.941pt x 280.6485pt>
File: Immagini/"ProceduraGreedy".jpg Graphic file (type jpg)
<use Immagini/"ProceduraGreedy".jpg>
Package pdftex.def Info: Immagini/"ProceduraGreedy".jpg  used on input line 228
7. on input line 2287.
Package pdftex.def Info: Requested size: 469.75502pt x 367.29251pt on input lin
e 2287.
 [57 <./Immagini/ProceduraGreedy.jpg>]
<Immagini/"ng".jpg, id=1398, 1223.16975pt x 462.528pt>
File: Immagini/"ng".jpg Graphic file (type jpg)
<use Immagini/"ng".jpg>
Package pdftex.def Info: Immagini/"ng".jpg  used on input line 2302. on input l
ine 2302.
Package pdftex.def Info: Requested size: 469.75502pt x 177.63272pt on input lin
e 2302.
 [58 <./Immagini/ng.jpg>] [59]
[60]
<Immagini/"2-opt".jpeg, id=1476, 1315.314pt x 449.2785pt>
File: Immagini/"2-opt".jpeg Graphic file (type jpg)
<use Immagini/"2-opt".jpeg>
Package pdftex.def Info: Immagini/"2-opt".jpeg  used on input line 2398. on inp
ut line 2398.
Package pdftex.def Info: Requested size: 469.75502pt x 160.45816pt on input lin
e 2398.
 [61] [62 <./Immagini/2-opt.jpeg>] [63] [64]
Overfull \hbox (29.171pt too wide) in paragraph at lines 2519--2519
[][]\T1/cmr/bx/n/12 GENERAZIONE NU-ME-RI CA-SUA-LI - SE-ME-RAN-DOM DA SPO-STA-R
E!!!!!!!!!!!!!!!
 []

File: Immagini/"ng".jpg Graphic file (type jpg)
<use Immagini/"ng".jpg>
Package pdftex.def Info: Immagini/"ng".jpg  used on input line 2554. on input l
ine 2554.
Package pdftex.def Info: Requested size: 469.75502pt x 177.63272pt on input lin
e 2554.
[65] [66]
<Immagini/"selezioneSP".jpg, id=1616, 1362.89175pt x 317.38576pt>
File: Immagini/"selezioneSP".jpg Graphic file (type jpg)
<use Immagini/"selezioneSP".jpg>
Package pdftex.def Info: Immagini/"selezioneSP".jpg  used on input line 2610. o
n input line 2610.
Package pdftex.def Info: Requested size: 469.75502pt x 109.39165pt on input lin
e 2610.
 [67] [68 <./Immagini/selezioneSP.jpg>]
<Immagini/"Mutazione".jpg, id=1631, 1357.4715pt x 168.02776pt>
File: Immagini/"Mutazione".jpg Graphic file (type jpg)
<use Immagini/"Mutazione".jpg>
Package pdftex.def Info: Immagini/"Mutazione".jpg  used on input line 2636. on 
input line 2636.
Package pdftex.def Info: Requested size: 469.75502pt x 58.14655pt on input line
 2636.
 [69 <./Immagini/Mutazione.jpg>] [70] [71] [72] [73] [74] [75] [76] [77]
<Immagini/"PreProcessing".jpg, id=1847, 754.017pt x 373.395pt>
File: Immagini/"PreProcessing".jpg Graphic file (type jpg)
<use Immagini/"PreProcessing".jpg>
Package pdftex.def Info: Immagini/"PreProcessing".jpg  used on input line 2992.
 on input line 2992.
Package pdftex.def Info: Requested size: 754.01515pt x 373.39409pt on input lin
e 2992.

Overfull \hbox (95.75633pt too wide) in paragraph at lines 2992--2994
 [][] 
 []

[78] [79 <./Immagini/PreProcessing.jpg>] [80] [81] [82] [83] [84] [85]

LaTeX Warning: Command \` invalid in math mode on input line 3267.

Missing character: There is no à in font cmr10!
[86] [87] [88] [89] [90] [91] [92] [93] [94] [95] [96] [97]
Overfull \hbox (6.72556pt too wide) in paragraph at lines 3655--3656
[]\T1/cmr/m/n/10.95 I det-ta-gli im-ple-men-ta-ti-vi ri-guar-dan-ti il me-to-do
 \T1/cmr/bx/n/10.95 Nea-rest-Neight-bor-Po-li-shing \T1/cmr/m/n/10.95 so-no pre
-sen-ti LINK!!!!!
 []

[98] [99] [100] [101] [102] [103] [104] [105] [106] [107] [108] [109] [110]
[111]
<Immagini/"circuitoF".jpg, id=2908, 376.40625pt x 285.4665pt>
File: Immagini/"circuitoF".jpg Graphic file (type jpg)
<use Immagini/"circuitoF".jpg>
Package pdftex.def Info: Immagini/"circuitoF".jpg  used on input line 4292. on 
input line 4292.
Package pdftex.def Info: Requested size: 469.75502pt x 356.28775pt on input lin
e 4292.
<Immagini/"circuitoH".jpeg, id=2909, 380.622pt x 284.86424pt>
File: Immagini/"circuitoH".jpeg Graphic file (type jpg)
<use Immagini/"circuitoH".jpeg>
Package pdftex.def Info: Immagini/"circuitoH".jpeg  used on input line 4298. on
 input line 4298.
Package pdftex.def Info: Requested size: 469.75502pt x 351.59799pt on input lin
e 4298.
<Immagini/"circuitoC".jpg, id=2910, 377.61075pt x 284.262pt>
File: Immagini/"circuitoC".jpg Graphic file (type jpg)
<use Immagini/"circuitoC".jpg>
Package pdftex.def Info: Immagini/"circuitoC".jpg  used on input line 4304. on 
input line 4304.
Package pdftex.def Info: Requested size: 469.75502pt x 353.63933pt on input lin
e 4304.

Overfull \hbox (3.73863pt too wide) in paragraph at lines 4321--4322
[][][][][][][][][][][][]  
 []

[112] [113 <./Immagini/circuitoF.jpg>] [114 <./Immagini/circuitoH.jpeg>]
[115 <./Immagini/circuitoC.jpg>] [116] [117] [118] [119] [120]
<Immagini/"DiagrammaPolishing".png, id=3157, 571.13374pt x 834.11626pt>
File: Immagini/"DiagrammaPolishing".png Graphic file (type png)
<use Immagini/"DiagrammaPolishing".png>
Package pdftex.def Info: Immagini/"DiagrammaPolishing".png  used on input line 
4610. on input line 4610.
Package pdftex.def Info: Requested size: 571.13235pt x 834.11423pt on input lin
e 4610.
 [121] [122 <./Immagini/DiagrammaPolishing.png>]
Overfull \vbox (0.27002pt too high) has occurred while \output is active []


[123] [124]
<Immagini/"Spec1".jpg, id=3274, 298.11375pt x 252.19218pt>
File: Immagini/"Spec1".jpg Graphic file (type jpg)
<use Immagini/"Spec1".jpg>
Package pdftex.def Info: Immagini/"Spec1".jpg  used on input line 4730. on inpu
t line 4730.
Package pdftex.def Info: Requested size: 298.11302pt x 252.19156pt on input lin
e 4730.
<Immagini/"Spec2".jpg, id=3275, 298.11375pt x 252.19218pt>
File: Immagini/"Spec2".jpg Graphic file (type jpg)
<use Immagini/"Spec2".jpg>
Package pdftex.def Info: Immagini/"Spec2".jpg  used on input line 4736. on inpu
t line 4736.
Package pdftex.def Info: Requested size: 298.11302pt x 252.19156pt on input lin
e 4736.
<Immagini/"Spec3".jpg, id=3276, 298.11375pt x 228.855pt>
File: Immagini/"Spec3".jpg Graphic file (type jpg)
<use Immagini/"Spec3".jpg>
Package pdftex.def Info: Immagini/"Spec3".jpg  used on input line 4742. on inpu
t line 4742.
Package pdftex.def Info: Requested size: 298.11302pt x 228.85443pt on input lin
e 4742.
<Immagini/"Spec4".jpg, id=3277, 298.11375pt x 233.37187pt>
File: Immagini/"Spec4".jpg Graphic file (type jpg)
<use Immagini/"Spec4".jpg>
Package pdftex.def Info: Immagini/"Spec4".jpg  used on input line 4748. on inpu
t line 4748.
Package pdftex.def Info: Requested size: 298.11302pt x 233.37129pt on input lin
e 4748.
 [125] [126 <./Immagini/Spec1.jpg> <./Immagini/Spec2.jpg>] [127 <./Immagini/Spe
c3.jpg> <./Immagini/Spec4.jpg>] [128]
<Immagini/GRAFI_ESATTI/"berlin52".png, id=3332, 627.84563pt x 424.58624pt>
File: Immagini/GRAFI_ESATTI/"berlin52".png Graphic file (type png)
<use Immagini/GRAFI_ESATTI/"berlin52".png>
Package pdftex.def Info: Immagini/GRAFI_ESATTI/"berlin52".png  used on input li
ne 4842. on input line 4842.
Package pdftex.def Info: Requested size: 627.84409pt x 424.5852pt on input line
 4842.

Overfull \hbox (1.12804pt too wide) in paragraph at lines 4842--4844
 [][] 
 []

<Immagini/GRAFI_ESATTI/"st70".png, id=3333, 627.84563pt x 424.58624pt>
File: Immagini/GRAFI_ESATTI/"st70".png Graphic file (type png)
<use Immagini/GRAFI_ESATTI/"st70".png>
Package pdftex.def Info: Immagini/GRAFI_ESATTI/"st70".png  used on input line 4
849. on input line 4849.
Package pdftex.def Info: Requested size: 627.84409pt x 424.5852pt on input line
 4849.

Overfull \hbox (1.12804pt too wide) in paragraph at lines 4849--4851
 [][] 
 []

<Immagini/GRAFI_ESATTI/"eil76".png, id=3334, 627.84563pt x 424.58624pt>
File: Immagini/GRAFI_ESATTI/"eil76".png Graphic file (type png)
<use Immagini/GRAFI_ESATTI/"eil76".png>
Package pdftex.def Info: Immagini/GRAFI_ESATTI/"eil76".png  used on input line 
4856. on input line 4856.
Package pdftex.def Info: Requested size: 627.84409pt x 424.5852pt on input line
 4856.

Overfull \hbox (1.12804pt too wide) in paragraph at lines 4856--4858
 [][] 
 []

<Immagini/GRAFI_ESATTI/"pr76".png, id=3335, 627.84563pt x 424.58624pt>
File: Immagini/GRAFI_ESATTI/"pr76".png Graphic file (type png)
<use Immagini/GRAFI_ESATTI/"pr76".png>
Package pdftex.def Info: Immagini/GRAFI_ESATTI/"pr76".png  used on input line 4
863. on input line 4863.
Package pdftex.def Info: Requested size: 627.84409pt x 424.5852pt on input line
 4863.

Overfull \hbox (1.12804pt too wide) in paragraph at lines 4863--4865
 [][] 
 []

<Immagini/GRAFI_ESATTI/"rat99".png, id=3336, 627.84563pt x 424.58624pt>
File: Immagini/GRAFI_ESATTI/"rat99".png Graphic file (type png)
<use Immagini/GRAFI_ESATTI/"rat99".png>
Package pdftex.def Info: Immagini/GRAFI_ESATTI/"rat99".png  used on input line 
4870. on input line 4870.
Package pdftex.def Info: Requested size: 627.84409pt x 424.5852pt on input line
 4870.

Overfull \hbox (1.12804pt too wide) in paragraph at lines 4870--4872
 [][] 
 []

<Immagini/GRAFI_ESATTI/"kroA100".png, id=3337, 627.84563pt x 424.58624pt>
File: Immagini/GRAFI_ESATTI/"kroA100".png Graphic file (type png)
<use Immagini/GRAFI_ESATTI/"kroA100".png>
Package pdftex.def Info: Immagini/GRAFI_ESATTI/"kroA100".png  used on input lin
e 4877. on input line 4877.
Package pdftex.def Info: Requested size: 627.84409pt x 424.5852pt on input line
 4877.

Overfull \hbox (1.12804pt too wide) in paragraph at lines 4877--4879
 [][] 
 []

<Immagini/GRAFI_ESATTI/"kroB100".png, id=3338, 627.84563pt x 424.58624pt>
File: Immagini/GRAFI_ESATTI/"kroB100".png Graphic file (type png)
<use Immagini/GRAFI_ESATTI/"kroB100".png>
Package pdftex.def Info: Immagini/GRAFI_ESATTI/"kroB100".png  used on input lin
e 4884. on input line 4884.
Package pdftex.def Info: Requested size: 627.84409pt x 424.5852pt on input line
 4884.

Overfull \hbox (1.12804pt too wide) in paragraph at lines 4884--4886
 [][] 
 []

<Immagini/GRAFI_ESATTI/"kroC100".png, id=3339, 627.84563pt x 424.58624pt>
File: Immagini/GRAFI_ESATTI/"kroC100".png Graphic file (type png)
<use Immagini/GRAFI_ESATTI/"kroC100".png>
Package pdftex.def Info: Immagini/GRAFI_ESATTI/"kroC100".png  used on input lin
e 4891. on input line 4891.
Package pdftex.def Info: Requested size: 627.84409pt x 424.5852pt on input line
 4891.

Overfull \hbox (1.12804pt too wide) in paragraph at lines 4891--4893
 [][] 
 []

<Immagini/GRAFI_ESATTI/"kroD100".png, id=3340, 627.84563pt x 424.58624pt>
File: Immagini/GRAFI_ESATTI/"kroD100".png Graphic file (type png)
<use Immagini/GRAFI_ESATTI/"kroD100".png>
Package pdftex.def Info: Immagini/GRAFI_ESATTI/"kroD100".png  used on input lin
e 4898. on input line 4898.
Package pdftex.def Info: Requested size: 627.84409pt x 424.5852pt on input line
 4898.

Overfull \hbox (1.12804pt too wide) in paragraph at lines 4898--4900
 [][] 
 []

<Immagini/GRAFI_ESATTI/"kroE100".png, id=3341, 627.84563pt x 424.58624pt>
File: Immagini/GRAFI_ESATTI/"kroE100".png Graphic file (type png)
<use Immagini/GRAFI_ESATTI/"kroE100".png>
Package pdftex.def Info: Immagini/GRAFI_ESATTI/"kroE100".png  used on input lin
e 4905. on input line 4905.
Package pdftex.def Info: Requested size: 627.84409pt x 424.5852pt on input line
 4905.

Overfull \hbox (1.12804pt too wide) in paragraph at lines 4905--4907
 [][] 
 []

<Immagini/GRAFI_ESATTI/"eil101".png, id=3342, 627.84563pt x 424.58624pt>
File: Immagini/GRAFI_ESATTI/"eil101".png Graphic file (type png)
<use Immagini/GRAFI_ESATTI/"eil101".png>
Package pdftex.def Info: Immagini/GRAFI_ESATTI/"eil101".png  used on input line
 4912. on input line 4912.
Package pdftex.def Info: Requested size: 627.84409pt x 424.5852pt on input line
 4912.

Overfull \hbox (1.12804pt too wide) in paragraph at lines 4912--4914
 [][] 
 []

<Immagini/GRAFI_ESATTI/"lin105".png, id=3343, 627.84563pt x 424.58624pt>
File: Immagini/GRAFI_ESATTI/"lin105".png Graphic file (type png)
<use Immagini/GRAFI_ESATTI/"lin105".png>
Package pdftex.def Info: Immagini/GRAFI_ESATTI/"lin105".png  used on input line
 4919. on input line 4919.
Package pdftex.def Info: Requested size: 627.84409pt x 424.5852pt on input line
 4919.

Overfull \hbox (1.12804pt too wide) in paragraph at lines 4919--4921
 [][] 
 []

<Immagini/GRAFI_ESATTI/"bier127".png, id=3344, 627.84563pt x 424.58624pt>
File: Immagini/GRAFI_ESATTI/"bier127".png Graphic file (type png)
<use Immagini/GRAFI_ESATTI/"bier127".png>
Package pdftex.def Info: Immagini/GRAFI_ESATTI/"bier127".png  used on input lin
e 4926. on input line 4926.
Package pdftex.def Info: Requested size: 627.84409pt x 424.5852pt on input line
 4926.

Overfull \hbox (1.12804pt too wide) in paragraph at lines 4926--4928
 [][] 
 []

<Immagini/GRAFI_ESATTI/"ch130".png, id=3345, 627.84563pt x 424.58624pt>
File: Immagini/GRAFI_ESATTI/"ch130".png Graphic file (type png)
<use Immagini/GRAFI_ESATTI/"ch130".png>
Package pdftex.def Info: Immagini/GRAFI_ESATTI/"ch130".png  used on input line 
4933. on input line 4933.
Package pdftex.def Info: Requested size: 627.84409pt x 424.5852pt on input line
 4933.

Overfull \hbox (1.12804pt too wide) in paragraph at lines 4933--4935
 [][] 
 []

<Immagini/GRAFI_ESATTI/"pr144".png, id=3346, 627.84563pt x 424.58624pt>
File: Immagini/GRAFI_ESATTI/"pr144".png Graphic file (type png)
<use Immagini/GRAFI_ESATTI/"pr144".png>
Package pdftex.def Info: Immagini/GRAFI_ESATTI/"pr144".png  used on input line 
4940. on input line 4940.
Package pdftex.def Info: Requested size: 627.84409pt x 424.5852pt on input line
 4940.

Overfull \hbox (1.12804pt too wide) in paragraph at lines 4940--4942
 [][] 
 []

<Immagini/GRAFI_ESATTI/"kroA150".png, id=3347, 627.84563pt x 424.58624pt>
File: Immagini/GRAFI_ESATTI/"kroA150".png Graphic file (type png)
<use Immagini/GRAFI_ESATTI/"kroA150".png>
Package pdftex.def Info: Immagini/GRAFI_ESATTI/"kroA150".png  used on input lin
e 4947. on input line 4947.
Package pdftex.def Info: Requested size: 627.84409pt x 424.5852pt on input line
 4947.

Overfull \hbox (1.12804pt too wide) in paragraph at lines 4947--4949
 [][] 
 []

<Immagini/GRAFI_ESATTI/"kroB150".png, id=3348, 627.84563pt x 424.58624pt>
File: Immagini/GRAFI_ESATTI/"kroB150".png Graphic file (type png)
<use Immagini/GRAFI_ESATTI/"kroB150".png>
Package pdftex.def Info: Immagini/GRAFI_ESATTI/"kroB150".png  used on input lin
e 4954. on input line 4954.
Package pdftex.def Info: Requested size: 627.84409pt x 424.5852pt on input line
 4954.

Overfull \hbox (1.12804pt too wide) in paragraph at lines 4954--4956
 [][] 
 []

<Immagini/GRAFI_ESATTI/"ch150".png, id=3349, 627.84563pt x 424.58624pt>
File: Immagini/GRAFI_ESATTI/"ch150".png Graphic file (type png)
<use Immagini/GRAFI_ESATTI/"ch150".png>
Package pdftex.def Info: Immagini/GRAFI_ESATTI/"ch150".png  used on input line 
4961. on input line 4961.
Package pdftex.def Info: Requested size: 627.84409pt x 424.5852pt on input line
 4961.

Overfull \hbox (1.12804pt too wide) in paragraph at lines 4961--4963
 [][] 
 []

<Immagini/GRAFI_ESATTI/"pr152".png, id=3350, 627.84563pt x 424.58624pt>
File: Immagini/GRAFI_ESATTI/"pr152".png Graphic file (type png)
<use Immagini/GRAFI_ESATTI/"pr152".png>
Package pdftex.def Info: Immagini/GRAFI_ESATTI/"pr152".png  used on input line 
4968. on input line 4968.
Package pdftex.def Info: Requested size: 627.84409pt x 424.5852pt on input line
 4968.

Overfull \hbox (1.12804pt too wide) in paragraph at lines 4968--4970
 [][] 
 []

<Immagini/GRAFI_ESATTI/"u159".png, id=3351, 627.84563pt x 424.58624pt>
File: Immagini/GRAFI_ESATTI/"u159".png Graphic file (type png)
<use Immagini/GRAFI_ESATTI/"u159".png>
Package pdftex.def Info: Immagini/GRAFI_ESATTI/"u159".png  used on input line 4
975. on input line 4975.
Package pdftex.def Info: Requested size: 627.84409pt x 424.5852pt on input line
 4975.

Overfull \hbox (1.12804pt too wide) in paragraph at lines 4975--4977
 [][] 
 []

<Immagini/GRAFI_ESATTI/"rat195".png, id=3352, 627.84563pt x 424.58624pt>
File: Immagini/GRAFI_ESATTI/"rat195".png Graphic file (type png)
<use Immagini/GRAFI_ESATTI/"rat195".png>
Package pdftex.def Info: Immagini/GRAFI_ESATTI/"rat195".png  used on input line
 4982. on input line 4982.
Package pdftex.def Info: Requested size: 627.84409pt x 424.5852pt on input line
 4982.

Overfull \hbox (1.12804pt too wide) in paragraph at lines 4982--4984
 [][] 
 []

[129] [130 <./Immagini/GRAFI_ESATTI/berlin52.png>] [131 <./Immagini/GRAFI_ESATT
I/st70.png>] [132 <./Immagini/GRAFI_ESATTI/eil76.png>] [133 <./Immagini/GRAFI_E
SATTI/pr76.png>] [134 <./Immagini/GRAFI_ESATTI/rat99.png>] [135 <./Immagini/GRA
FI_ESATTI/kroA100.png>] [136 <./Immagini/GRAFI_ESATTI/kroB100.png>] [137 <./Imm
agini/GRAFI_ESATTI/kroC100.png>] [138 <./Immagini/GRAFI_ESATTI/kroD100.png>]
[139 <./Immagini/GRAFI_ESATTI/kroE100.png>] [140 <./Immagini/GRAFI_ESATTI/eil10
1.png>] [141 <./Immagini/GRAFI_ESATTI/lin105.png>] [142 <./Immagini/GRAFI_ESATT
I/bier127.png>] [143 <./Immagini/GRAFI_ESATTI/ch130.png>] [144 <./Immagini/GRAF
I_ESATTI/pr144.png>] [145 <./Immagini/GRAFI_ESATTI/kroA150.png>] [146 <./Immagi
ni/GRAFI_ESATTI/kroB150.png>] [147 <./Immagini/GRAFI_ESATTI/ch150.png>]
[148 <./Immagini/GRAFI_ESATTI/pr152.png>] [149 <./Immagini/GRAFI_ESATTI/u159.pn
g>] [150 <./Immagini/GRAFI_ESATTI/rat195.png>]
<Immagini/GRAFI_ESATTI/"kroA200".png, id=3473, 627.84563pt x 424.58624pt>
File: Immagini/GRAFI_ESATTI/"kroA200".png Graphic file (type png)
<use Immagini/GRAFI_ESATTI/"kroA200".png>
Package pdftex.def Info: Immagini/GRAFI_ESATTI/"kroA200".png  used on input lin
e 5027. on input line 5027.
Package pdftex.def Info: Requested size: 627.84409pt x 424.5852pt on input line
 5027.

Overfull \hbox (1.12804pt too wide) in paragraph at lines 5027--5029
 [][] 
 []

<Immagini/GRAFI_ESATTI/"kroB200".png, id=3474, 627.84563pt x 424.58624pt>
File: Immagini/GRAFI_ESATTI/"kroB200".png Graphic file (type png)
<use Immagini/GRAFI_ESATTI/"kroB200".png>
Package pdftex.def Info: Immagini/GRAFI_ESATTI/"kroB200".png  used on input lin
e 5034. on input line 5034.
Package pdftex.def Info: Requested size: 627.84409pt x 424.5852pt on input line
 5034.

Overfull \hbox (1.12804pt too wide) in paragraph at lines 5034--5036
 [][] 
 []

<Immagini/GRAFI_ESATTI/"tsp225".png, id=3475, 627.84563pt x 424.58624pt>
File: Immagini/GRAFI_ESATTI/"tsp225".png Graphic file (type png)
<use Immagini/GRAFI_ESATTI/"tsp225".png>
Package pdftex.def Info: Immagini/GRAFI_ESATTI/"tsp225".png  used on input line
 5041. on input line 5041.
Package pdftex.def Info: Requested size: 627.84409pt x 424.5852pt on input line
 5041.

Overfull \hbox (1.12804pt too wide) in paragraph at lines 5041--5043
 [][] 
 []

<Immagini/GRAFI_ESATTI/"pr226".png, id=3476, 627.84563pt x 424.58624pt>
File: Immagini/GRAFI_ESATTI/"pr226".png Graphic file (type png)
<use Immagini/GRAFI_ESATTI/"pr226".png>
Package pdftex.def Info: Immagini/GRAFI_ESATTI/"pr226".png  used on input line 
5048. on input line 5048.
Package pdftex.def Info: Requested size: 627.84409pt x 424.5852pt on input line
 5048.

Overfull \hbox (1.12804pt too wide) in paragraph at lines 5048--5050
 [][] 
 []

<Immagini/GRAFI_ESATTI/"gil262".png, id=3477, 627.84563pt x 424.58624pt>
File: Immagini/GRAFI_ESATTI/"gil262".png Graphic file (type png)
<use Immagini/GRAFI_ESATTI/"gil262".png>
Package pdftex.def Info: Immagini/GRAFI_ESATTI/"gil262".png  used on input line
 5055. on input line 5055.
Package pdftex.def Info: Requested size: 627.84409pt x 424.5852pt on input line
 5055.

Overfull \hbox (1.12804pt too wide) in paragraph at lines 5055--5057
 [][] 
 []

<Immagini/GRAFI_ESATTI/"a280".png, id=3478, 627.84563pt x 424.58624pt>
File: Immagini/GRAFI_ESATTI/"a280".png Graphic file (type png)
<use Immagini/GRAFI_ESATTI/"a280".png>
Package pdftex.def Info: Immagini/GRAFI_ESATTI/"a280".png  used on input line 5
062. on input line 5062.
Package pdftex.def Info: Requested size: 627.84409pt x 424.5852pt on input line
 5062.

Overfull \hbox (1.12804pt too wide) in paragraph at lines 5062--5064
 [][] 
 []

<Immagini/GRAFI_ESATTI/"pr299".png, id=3479, 627.84563pt x 424.58624pt>
File: Immagini/GRAFI_ESATTI/"pr299".png Graphic file (type png)
<use Immagini/GRAFI_ESATTI/"pr299".png>
Package pdftex.def Info: Immagini/GRAFI_ESATTI/"pr299".png  used on input line 
5069. on input line 5069.
Package pdftex.def Info: Requested size: 627.84409pt x 424.5852pt on input line
 5069.

Overfull \hbox (1.12804pt too wide) in paragraph at lines 5069--5071
 [][] 
 []

[151

] [152 <./Immagini/GRAFI_ESATTI/kroA200.png>] [153 <./Immagini/GRAFI_ESATTI/kro
B200.png>] [154 <./Immagini/GRAFI_ESATTI/tsp225.png>] [155 <./Immagini/GRAFI_ES
ATTI/pr226.png>] [156 <./Immagini/GRAFI_ESATTI/gil262.png>] [157 <./Immagini/GR
AFI_ESATTI/a280.png>] [158 <./Immagini/GRAFI_ESATTI/pr299.png>] [159]
[160] [161] [162] [163] [164] [165]
Overfull \vbox (105.56944pt too high) has occurred while \output is active []


[166] [167] [168]
Overfull \vbox (21.96953pt too high) has occurred while \output is active []


[169] [170] [171]
Overfull \vbox (144.36945pt too high) has occurred while \output is active []


[172] [173] [174] [175]
Overfull \vbox (664.76904pt too high) has occurred while \output is active []


[176] [177] [178] [179] [180] [181] [182] [183] [184] [185] [186] [187]
[188] [189] [190] [191]
Overfull \vbox (86.76933pt too high) has occurred while \output is active []


[192] [193] [194]
Overfull \vbox (138.76933pt too high) has occurred while \output is active []


[195] [196] [197]
Overfull \vbox (241.16916pt too high) has occurred while \output is active []


[198] [199] [200]
Overfull \vbox (119.16924pt too high) has occurred while \output is active []


[201] [202] [203]
Overfull \vbox (317.16919pt too high) has occurred while \output is active []


[204] [205] [206]
Overfull \vbox (288.76923pt too high) has occurred while \output is active []


[207] [208] [209]
Overfull \vbox (289.16922pt too high) has occurred while \output is active []


[210] [211] [212]
Overfull \vbox (371.16916pt too high) has occurred while \output is active []


[213] [214] [215]
Overfull \vbox (304.76918pt too high) has occurred while \output is active []


[216] [217] [218]
Overfull \vbox (452.36911pt too high) has occurred while \output is active []


[219] [220]

LaTeX Warning: Float too large for page by 231.96907pt on input line 9011.

[221] [222] [223] [224] [225] [226] [227] [228] [229]

LaTeX Warning: Float too large for page by 7.96931pt on input line 9439.


LaTeX Warning: Float too large for page by 35.96928pt on input line 9715.


LaTeX Warning: Float too large for page by 21.9693pt on input line 9813.

Package atveryend Info: Empty hook `BeforeClearDocument' on input line 9983.
[230

] [231] [232] [233] [234] [235] [236] [237] [238]
Package atveryend Info: Empty hook `AfterLastShipout' on input line 9983.
 (Tesi.aux)
Package atveryend Info: Executing hook `AtVeryEndDocument' on input line 9983.
Package atveryend Info: Executing hook `AtEndAfterFileList' on input line 9983.

Package rerunfilecheck Info: File `Tesi.out' has not changed.
(rerunfilecheck)             Checksum: 8612E71D4ACC2D44FB25256C1026297E;63.
 ) 
Here is how much of TeX's memory you used:
 17905 strings out of 493314
 262277 string characters out of 3136264
 413729 words of memory out of 3000000
 18230 multiletter control sequences out of 15000+200000
 26810 words of font info for 68 fonts, out of 3000000 for 9000
 1141 hyphenation exceptions out of 8191
 39i,17n,77p,1355b,1961s stack positions out of 5000i,500n,10000p,200000b,50000s
{C:/Program Files (x86)/MiKTeX 2.9/fonts/enc/dvips/cm-super/cm-super-t1.enc}<
C:/Program Files (x86)/MiKTeX 2.9/fonts/type1/public/amsfonts/cm/cmex10.pfb><C:
/Program Files (x86)/MiKTeX 2.9/fonts/type1/public/amsfonts/cm/cmmi10.pfb><C:/P
rogram Files (x86)/MiKTeX 2.9/fonts/type1/public/amsfonts/cm/cmmi6.pfb><C:/Prog
ram Files (x86)/MiKTeX 2.9/fonts/type1/public/amsfonts/cm/cmmi8.pfb><C:/Program
 Files (x86)/MiKTeX 2.9/fonts/type1/public/amsfonts/cm/cmmi9.pfb><C:/Program Fi
les (x86)/MiKTeX 2.9/fonts/type1/public/amsfonts/cm/cmr10.pfb><C:/Program Files
 (x86)/MiKTeX 2.9/fonts/type1/public/amsfonts/cm/cmr12.pfb><C:/Program Files (x
86)/MiKTeX 2.9/fonts/type1/public/amsfonts/cm/cmr6.pfb><C:/Program Files (x86)/
MiKTeX 2.9/fonts/type1/public/amsfonts/cm/cmr8.pfb><C:/Program Files (x86)/MiKT
eX 2.9/fonts/type1/public/amsfonts/cm/cmr9.pfb><C:/Program Files (x86)/MiKTeX 2
.9/fonts/type1/public/amsfonts/cm/cmsy10.pfb><C:/Program Files (x86)/MiKTeX 2.9
/fonts/type1/public/amsfonts/cm/cmsy8.pfb><C:/Program Files (x86)/MiKTeX 2.9/fo
nts/type1/public/amsfonts/cm/cmsy9.pfb><C:/Program Files (x86)/MiKTeX 2.9/fonts
/type1/public/amsfonts/symbols/msam10.pfb><C:/Program Files (x86)/MiKTeX 2.9/fo
nts/type1/public/amsfonts/symbols/msbm10.pfb><C:/Program Files (x86)/MiKTeX 2.9
/fonts/type1/public/cm-super/sfbi1095.pfb><C:/Program Files (x86)/MiKTeX 2.9/fo
nts/type1/public/cm-super/sfbx0900.pfb><C:/Program Files (x86)/MiKTeX 2.9/fonts
/type1/public/cm-super/sfbx1095.pfb><C:/Program Files (x86)/MiKTeX 2.9/fonts/ty
pe1/public/cm-super/sfbx1200.pfb><C:/Program Files (x86)/MiKTeX 2.9/fonts/type1
/public/cm-super/sfbx1440.pfb><C:/Program Files (x86)/MiKTeX 2.9/fonts/type1/pu
blic/cm-super/sfrm0600.pfb><C:/Program Files (x86)/MiKTeX 2.9/fonts/type1/publi
c/cm-super/sfrm0800.pfb><C:/Program Files (x86)/MiKTeX 2.9/fonts/type1/public/c
m-super/sfrm0900.pfb><C:/Program Files (x86)/MiKTeX 2.9/fonts/type1/public/cm-s
uper/sfrm1095.pfb><C:/Program Files (x86)/MiKTeX 2.9/fonts/type1/public/cm-supe
r/sfti0900.pfb><C:/Program Files (x86)/MiKTeX 2.9/fonts/type1/public/cm-super/s
fti1095.pfb><C:/Program Files (x86)/MiKTeX 2.9/fonts/type1/public/cm-super/sftt
1000.pfb><C:/Program Files (x86)/MiKTeX 2.9/fonts/type1/public/tipa/tipabx10.pf
b>
Output written on Tesi.pdf (238 pages, 3243566 bytes).
PDF statistics:
 4611 PDF objects out of 5155 (max. 8388607)
 2911 named destinations out of 2984 (max. 500000)
 239 words of extra memory for PDF output out of 10000 (max. 10000000)

